
***************** TEST 01 *****************

** UPDATE QUALITY **
============ ENTRER ============
( +5 Dexterity Vest, 10, 20 )

============ SORTIE ============
( +5 Dexterity Vest, 9, 19 )

***************** TEST 02 *****************

** UPDATE QUALITY **
============ ENTRER ============
( +5 Dexterity Vest, 10, 10 )
( Aged Brie, 10, 10 )
( Elixir of the Mongoose, 10, 10 )
( Sulfuras, Hand of Ragnaros, 10, 10 )
( Sulfuras, Hand of Ragnaros, 10, 10 )
( Backstage passes to a TAFKAL80ETC concert, 10, 10 )
( Backstage passes to a TAFKAL80ETC concert, 10, 10 )
( Backstage passes to a TAFKAL80ETC concert, 10, 10 )
( Conjured Mana Cake, 10, 10 )

============ SORTIE ============
( +5 Dexterity Vest, 9, 9 )
( Aged Brie, 9, 11 )
( Elixir of the Mongoose, 9, 9 )
( Sulfuras, Hand of Ragnaros, 10, 10 )
( Sulfuras, Hand of Ragnaros, 10, 10 )
( Backstage passes to a TAFKAL80ETC concert, 9, 12 )
( Backstage passes to a TAFKAL80ETC concert, 9, 12 )
( Backstage passes to a TAFKAL80ETC concert, 9, 12 )
( Conjured Mana Cake, 9, 9 )

***************** TEST 03 *****************
[TEST ALL ZERO]

** UPDATE QUALITY **
============ ENTRER ============
( +5 Dexterity Vest, 0, 0 )
( Aged Brie, 0, 0 )
( Elixir of the Mongoose, 0, 0 )
( Sulfuras, Hand of Ragnaros, 0, 0 )
( Sulfuras, Hand of Ragnaros, 0, 0 )
( Backstage passes to a TAFKAL80ETC concert, 0, 0 )
( Backstage passes to a TAFKAL80ETC concert, 0, 0 )
( Backstage passes to a TAFKAL80ETC concert, 0, 0 )
( Conjured Mana Cake, 0, 0 )

============ SORTIE ============
( +5 Dexterity Vest, -1, 0 )
( Aged Brie, -1, 2 )
( Elixir of the Mongoose, -1, 0 )
( Sulfuras, Hand of Ragnaros, 0, 0 )
( Sulfuras, Hand of Ragnaros, 0, 0 )
( Backstage passes to a TAFKAL80ETC concert, -1, 0 )
( Backstage passes to a TAFKAL80ETC concert, -1, 0 )
( Backstage passes to a TAFKAL80ETC concert, -1, 0 )
( Conjured Mana Cake, -1, 0 )

***************** TEST 05 *****************
[TEST NEGATIF SELL_IN]

** UPDATE QUALITY **
============ ENTRER ============
( +5 Dexterity Vest, -10, 0 )
( Aged Brie, -10, 0 )
( Elixir of the Mongoose, -10, 0 )
( Sulfuras, Hand of Ragnaros, -10, 0 )
( Sulfuras, Hand of Ragnaros, -10, 0 )
( Backstage passes to a TAFKAL80ETC concert, -10, 0 )
( Backstage passes to a TAFKAL80ETC concert, -10, 0 )
( Backstage passes to a TAFKAL80ETC concert, -10, 0 )
( Conjured Mana Cake, -10, 0 )

============ SORTIE ============
( +5 Dexterity Vest, -11, 0 )
( Aged Brie, -11, 2 )
( Elixir of the Mongoose, -11, 0 )
( Sulfuras, Hand of Ragnaros, -10, 0 )
( Sulfuras, Hand of Ragnaros, -10, 0 )
( Backstage passes to a TAFKAL80ETC concert, -11, 0 )
( Backstage passes to a TAFKAL80ETC concert, -11, 0 )
( Backstage passes to a TAFKAL80ETC concert, -11, 0 )
( Conjured Mana Cake, -11, 0 )

***************** TEST 06 *****************
[TEST NEGATIF QUALITY]

** UPDATE QUALITY **
============ ENTRER ============
( +5 Dexterity Vest, 0, -10 )
( Aged Brie, 0, -10 )
( Elixir of the Mongoose, 10, -10 )
( Sulfuras, Hand of Ragnaros, 0, -10 )
( Sulfuras, Hand of Ragnaros, 0, -10 )
( Backstage passes to a TAFKAL80ETC concert, 0, -10 )
( Backstage passes to a TAFKAL80ETC concert, 0, -10 )
( Backstage passes to a TAFKAL80ETC concert, 0, -10 )
( Conjured Mana Cake, 0, -10 )

============ SORTIE ============
( +5 Dexterity Vest, -1, -10 )
( Aged Brie, -1, -8 )
( Elixir of the Mongoose, 9, -10 )
( Sulfuras, Hand of Ragnaros, 0, -10 )
( Sulfuras, Hand of Ragnaros, 0, -10 )
( Backstage passes to a TAFKAL80ETC concert, -1, 0 )
( Backstage passes to a TAFKAL80ETC concert, -1, 0 )
( Backstage passes to a TAFKAL80ETC concert, -1, 0 )
( Conjured Mana Cake, -1, -10 )

***************** DAY TEST 01 *****************
[TEST 10 JOURS]


== [DAY 0] ==

** UPDATE QUALITY **
============ ENTRER ============
== [DAY 0] ==
( +5 Dexterity Vest, 10, 10 )
( Aged Brie, 10, 10 )
( Elixir of the Mongoose, 10, 10 )
( Sulfuras, Hand of Ragnaros, 10, 10 )
( Sulfuras, Hand of Ragnaros, 10, 10 )
( Backstage passes to a TAFKAL80ETC concert, 10, 10 )
( Backstage passes to a TAFKAL80ETC concert, 10, 10 )
( Backstage passes to a TAFKAL80ETC concert, 10, 10 )
( Conjured Mana Cake, 10, 10 )

============ SORTIE ============
== [DAY 0] ==
( +5 Dexterity Vest, 9, 9 )
( Aged Brie, 9, 11 )
( Elixir of the Mongoose, 9, 9 )
( Sulfuras, Hand of Ragnaros, 10, 10 )
( Sulfuras, Hand of Ragnaros, 10, 10 )
( Backstage passes to a TAFKAL80ETC concert, 9, 12 )
( Backstage passes to a TAFKAL80ETC concert, 9, 12 )
( Backstage passes to a TAFKAL80ETC concert, 9, 12 )
( Conjured Mana Cake, 9, 9 )

== [DAY 1] ==

** UPDATE QUALITY **
============ ENTRER ============
== [DAY 1] ==
( +5 Dexterity Vest, 9, 9 )
( Aged Brie, 9, 11 )
( Elixir of the Mongoose, 9, 9 )
( Sulfuras, Hand of Ragnaros, 10, 10 )
( Sulfuras, Hand of Ragnaros, 10, 10 )
( Backstage passes to a TAFKAL80ETC concert, 9, 12 )
( Backstage passes to a TAFKAL80ETC concert, 9, 12 )
( Backstage passes to a TAFKAL80ETC concert, 9, 12 )
( Conjured Mana Cake, 9, 9 )

============ SORTIE ============
== [DAY 1] ==
( +5 Dexterity Vest, 8, 8 )
( Aged Brie, 8, 12 )
( Elixir of the Mongoose, 8, 8 )
( Sulfuras, Hand of Ragnaros, 10, 10 )
( Sulfuras, Hand of Ragnaros, 10, 10 )
( Backstage passes to a TAFKAL80ETC concert, 8, 14 )
( Backstage passes to a TAFKAL80ETC concert, 8, 14 )
( Backstage passes to a TAFKAL80ETC concert, 8, 14 )
( Conjured Mana Cake, 8, 8 )

== [DAY 2] ==

** UPDATE QUALITY **
============ ENTRER ============
== [DAY 2] ==
( +5 Dexterity Vest, 8, 8 )
( Aged Brie, 8, 12 )
( Elixir of the Mongoose, 8, 8 )
( Sulfuras, Hand of Ragnaros, 10, 10 )
( Sulfuras, Hand of Ragnaros, 10, 10 )
( Backstage passes to a TAFKAL80ETC concert, 8, 14 )
( Backstage passes to a TAFKAL80ETC concert, 8, 14 )
( Backstage passes to a TAFKAL80ETC concert, 8, 14 )
( Conjured Mana Cake, 8, 8 )

============ SORTIE ============
== [DAY 2] ==
( +5 Dexterity Vest, 7, 7 )
( Aged Brie, 7, 13 )
( Elixir of the Mongoose, 7, 7 )
( Sulfuras, Hand of Ragnaros, 10, 10 )
( Sulfuras, Hand of Ragnaros, 10, 10 )
( Backstage passes to a TAFKAL80ETC concert, 7, 16 )
( Backstage passes to a TAFKAL80ETC concert, 7, 16 )
( Backstage passes to a TAFKAL80ETC concert, 7, 16 )
( Conjured Mana Cake, 7, 7 )

== [DAY 3] ==

** UPDATE QUALITY **
============ ENTRER ============
== [DAY 3] ==
( +5 Dexterity Vest, 7, 7 )
( Aged Brie, 7, 13 )
( Elixir of the Mongoose, 7, 7 )
( Sulfuras, Hand of Ragnaros, 10, 10 )
( Sulfuras, Hand of Ragnaros, 10, 10 )
( Backstage passes to a TAFKAL80ETC concert, 7, 16 )
( Backstage passes to a TAFKAL80ETC concert, 7, 16 )
( Backstage passes to a TAFKAL80ETC concert, 7, 16 )
( Conjured Mana Cake, 7, 7 )

============ SORTIE ============
== [DAY 3] ==
( +5 Dexterity Vest, 6, 6 )
( Aged Brie, 6, 14 )
( Elixir of the Mongoose, 6, 6 )
( Sulfuras, Hand of Ragnaros, 10, 10 )
( Sulfuras, Hand of Ragnaros, 10, 10 )
( Backstage passes to a TAFKAL80ETC concert, 6, 18 )
( Backstage passes to a TAFKAL80ETC concert, 6, 18 )
( Backstage passes to a TAFKAL80ETC concert, 6, 18 )
( Conjured Mana Cake, 6, 6 )

== [DAY 4] ==

** UPDATE QUALITY **
============ ENTRER ============
== [DAY 4] ==
( +5 Dexterity Vest, 6, 6 )
( Aged Brie, 6, 14 )
( Elixir of the Mongoose, 6, 6 )
( Sulfuras, Hand of Ragnaros, 10, 10 )
( Sulfuras, Hand of Ragnaros, 10, 10 )
( Backstage passes to a TAFKAL80ETC concert, 6, 18 )
( Backstage passes to a TAFKAL80ETC concert, 6, 18 )
( Backstage passes to a TAFKAL80ETC concert, 6, 18 )
( Conjured Mana Cake, 6, 6 )

============ SORTIE ============
== [DAY 4] ==
( +5 Dexterity Vest, 5, 5 )
( Aged Brie, 5, 15 )
( Elixir of the Mongoose, 5, 5 )
( Sulfuras, Hand of Ragnaros, 10, 10 )
( Sulfuras, Hand of Ragnaros, 10, 10 )
( Backstage passes to a TAFKAL80ETC concert, 5, 20 )
( Backstage passes to a TAFKAL80ETC concert, 5, 20 )
( Backstage passes to a TAFKAL80ETC concert, 5, 20 )
( Conjured Mana Cake, 5, 5 )

== [DAY 5] ==

** UPDATE QUALITY **
============ ENTRER ============
== [DAY 5] ==
( +5 Dexterity Vest, 5, 5 )
( Aged Brie, 5, 15 )
( Elixir of the Mongoose, 5, 5 )
( Sulfuras, Hand of Ragnaros, 10, 10 )
( Sulfuras, Hand of Ragnaros, 10, 10 )
( Backstage passes to a TAFKAL80ETC concert, 5, 20 )
( Backstage passes to a TAFKAL80ETC concert, 5, 20 )
( Backstage passes to a TAFKAL80ETC concert, 5, 20 )
( Conjured Mana Cake, 5, 5 )

============ SORTIE ============
== [DAY 5] ==
( +5 Dexterity Vest, 4, 4 )
( Aged Brie, 4, 16 )
( Elixir of the Mongoose, 4, 4 )
( Sulfuras, Hand of Ragnaros, 10, 10 )
( Sulfuras, Hand of Ragnaros, 10, 10 )
( Backstage passes to a TAFKAL80ETC concert, 4, 23 )
( Backstage passes to a TAFKAL80ETC concert, 4, 23 )
( Backstage passes to a TAFKAL80ETC concert, 4, 23 )
( Conjured Mana Cake, 4, 4 )

== [DAY 6] ==

** UPDATE QUALITY **
============ ENTRER ============
== [DAY 6] ==
( +5 Dexterity Vest, 4, 4 )
( Aged Brie, 4, 16 )
( Elixir of the Mongoose, 4, 4 )
( Sulfuras, Hand of Ragnaros, 10, 10 )
( Sulfuras, Hand of Ragnaros, 10, 10 )
( Backstage passes to a TAFKAL80ETC concert, 4, 23 )
( Backstage passes to a TAFKAL80ETC concert, 4, 23 )
( Backstage passes to a TAFKAL80ETC concert, 4, 23 )
( Conjured Mana Cake, 4, 4 )

============ SORTIE ============
== [DAY 6] ==
( +5 Dexterity Vest, 3, 3 )
( Aged Brie, 3, 17 )
( Elixir of the Mongoose, 3, 3 )
( Sulfuras, Hand of Ragnaros, 10, 10 )
( Sulfuras, Hand of Ragnaros, 10, 10 )
( Backstage passes to a TAFKAL80ETC concert, 3, 26 )
( Backstage passes to a TAFKAL80ETC concert, 3, 26 )
( Backstage passes to a TAFKAL80ETC concert, 3, 26 )
( Conjured Mana Cake, 3, 3 )

== [DAY 7] ==

** UPDATE QUALITY **
============ ENTRER ============
== [DAY 7] ==
( +5 Dexterity Vest, 3, 3 )
( Aged Brie, 3, 17 )
( Elixir of the Mongoose, 3, 3 )
( Sulfuras, Hand of Ragnaros, 10, 10 )
( Sulfuras, Hand of Ragnaros, 10, 10 )
( Backstage passes to a TAFKAL80ETC concert, 3, 26 )
( Backstage passes to a TAFKAL80ETC concert, 3, 26 )
( Backstage passes to a TAFKAL80ETC concert, 3, 26 )
( Conjured Mana Cake, 3, 3 )

============ SORTIE ============
== [DAY 7] ==
( +5 Dexterity Vest, 2, 2 )
( Aged Brie, 2, 18 )
( Elixir of the Mongoose, 2, 2 )
( Sulfuras, Hand of Ragnaros, 10, 10 )
( Sulfuras, Hand of Ragnaros, 10, 10 )
( Backstage passes to a TAFKAL80ETC concert, 2, 29 )
( Backstage passes to a TAFKAL80ETC concert, 2, 29 )
( Backstage passes to a TAFKAL80ETC concert, 2, 29 )
( Conjured Mana Cake, 2, 2 )

== [DAY 8] ==

** UPDATE QUALITY **
============ ENTRER ============
== [DAY 8] ==
( +5 Dexterity Vest, 2, 2 )
( Aged Brie, 2, 18 )
( Elixir of the Mongoose, 2, 2 )
( Sulfuras, Hand of Ragnaros, 10, 10 )
( Sulfuras, Hand of Ragnaros, 10, 10 )
( Backstage passes to a TAFKAL80ETC concert, 2, 29 )
( Backstage passes to a TAFKAL80ETC concert, 2, 29 )
( Backstage passes to a TAFKAL80ETC concert, 2, 29 )
( Conjured Mana Cake, 2, 2 )

============ SORTIE ============
== [DAY 8] ==
( +5 Dexterity Vest, 1, 1 )
( Aged Brie, 1, 19 )
( Elixir of the Mongoose, 1, 1 )
( Sulfuras, Hand of Ragnaros, 10, 10 )
( Sulfuras, Hand of Ragnaros, 10, 10 )
( Backstage passes to a TAFKAL80ETC concert, 1, 32 )
( Backstage passes to a TAFKAL80ETC concert, 1, 32 )
( Backstage passes to a TAFKAL80ETC concert, 1, 32 )
( Conjured Mana Cake, 1, 1 )

== [DAY 9] ==

** UPDATE QUALITY **
============ ENTRER ============
== [DAY 9] ==
( +5 Dexterity Vest, 1, 1 )
( Aged Brie, 1, 19 )
( Elixir of the Mongoose, 1, 1 )
( Sulfuras, Hand of Ragnaros, 10, 10 )
( Sulfuras, Hand of Ragnaros, 10, 10 )
( Backstage passes to a TAFKAL80ETC concert, 1, 32 )
( Backstage passes to a TAFKAL80ETC concert, 1, 32 )
( Backstage passes to a TAFKAL80ETC concert, 1, 32 )
( Conjured Mana Cake, 1, 1 )

============ SORTIE ============
== [DAY 9] ==
( +5 Dexterity Vest, 0, 0 )
( Aged Brie, 0, 20 )
( Elixir of the Mongoose, 0, 0 )
( Sulfuras, Hand of Ragnaros, 10, 10 )
( Sulfuras, Hand of Ragnaros, 10, 10 )
( Backstage passes to a TAFKAL80ETC concert, 0, 35 )
( Backstage passes to a TAFKAL80ETC concert, 0, 35 )
( Backstage passes to a TAFKAL80ETC concert, 0, 35 )
( Conjured Mana Cake, 0, 0 )

== [DAY 10] ==

** UPDATE QUALITY **
============ ENTRER ============
== [DAY 10] ==
( +5 Dexterity Vest, 0, 0 )
( Aged Brie, 0, 20 )
( Elixir of the Mongoose, 0, 0 )
( Sulfuras, Hand of Ragnaros, 10, 10 )
( Sulfuras, Hand of Ragnaros, 10, 10 )
( Backstage passes to a TAFKAL80ETC concert, 0, 35 )
( Backstage passes to a TAFKAL80ETC concert, 0, 35 )
( Backstage passes to a TAFKAL80ETC concert, 0, 35 )
( Conjured Mana Cake, 0, 0 )

============ SORTIE ============
== [DAY 10] ==
( +5 Dexterity Vest, -1, 0 )
( Aged Brie, -1, 22 )
( Elixir of the Mongoose, -1, 0 )
( Sulfuras, Hand of Ragnaros, 10, 10 )
( Sulfuras, Hand of Ragnaros, 10, 10 )
( Backstage passes to a TAFKAL80ETC concert, -1, 0 )
( Backstage passes to a TAFKAL80ETC concert, -1, 0 )
( Backstage passes to a TAFKAL80ETC concert, -1, 0 )
( Conjured Mana Cake, -1, 0 )

***************** TEST BIG *****************

** UPDATE QUALITY **
============ ENTRER ============
( +5 Dexterity Vest, 10, 10 )
( Aged Brie, 10, 10 )
( Elixir of the Mongoose, 10, 10 )
( Sulfuras, Hand of Ragnaros, 10, 10 )
( Sulfuras, Hand of Ragnaros, 10, 10 )
( Backstage passes to a TAFKAL80ETC concert, 10, 10 )
( Backstage passes to a TAFKAL80ETC concert, 10, 10 )
( Backstage passes to a TAFKAL80ETC concert, 10, 10 )
( Conjured Mana Cake, 10, 10 )
( +5 Dexterity Vest, 10, 10 )
( Aged Brie, 10, 10 )
( Elixir of the Mongoose, 10, 10 )
( Sulfuras, Hand of Ragnaros, 10, 10 )
( Sulfuras, Hand of Ragnaros, 10, 10 )
( Backstage passes to a TAFKAL80ETC concert, 10, 10 )
( Backstage passes to a TAFKAL80ETC concert, 10, 10 )
( Backstage passes to a TAFKAL80ETC concert, 10, 10 )
( Conjured Mana Cake, 10, 10 )
( +5 Dexterity Vest, 10, 10 )
( Aged Brie, 10, 10 )
( Elixir of the Mongoose, 10, 10 )
( Sulfuras, Hand of Ragnaros, 10, 10 )
( Sulfuras, Hand of Ragnaros, 10, 10 )
( Backstage passes to a TAFKAL80ETC concert, 10, 10 )
( Backstage passes to a TAFKAL80ETC concert, 10, 10 )
( Backstage passes to a TAFKAL80ETC concert, 10, 10 )
( Conjured Mana Cake, 10, 10 )
( +5 Dexterity Vest, 10, 10 )
( Aged Brie, 10, 10 )
( Elixir of the Mongoose, 10, 10 )
( Sulfuras, Hand of Ragnaros, 10, 10 )
( Sulfuras, Hand of Ragnaros, 10, 10 )
( Backstage passes to a TAFKAL80ETC concert, 10, 10 )
( Backstage passes to a TAFKAL80ETC concert, 10, 10 )
( Backstage passes to a TAFKAL80ETC concert, 10, 10 )
( Conjured Mana Cake, 10, 10 )
( +5 Dexterity Vest, 10, 10 )
( Aged Brie, 10, 10 )
( Elixir of the Mongoose, 10, 10 )
( Sulfuras, Hand of Ragnaros, 10, 10 )
( Sulfuras, Hand of Ragnaros, 10, 10 )
( Backstage passes to a TAFKAL80ETC concert, 10, 10 )
( Backstage passes to a TAFKAL80ETC concert, 10, 10 )
( Backstage passes to a TAFKAL80ETC concert, 10, 10 )
( Conjured Mana Cake, 10, 10 )
( +5 Dexterity Vest, 10, 10 )
( Aged Brie, 10, 10 )
( Elixir of the Mongoose, 10, 10 )
( Sulfuras, Hand of Ragnaros, 10, 10 )
( Sulfuras, Hand of Ragnaros, 10, 10 )
( Backstage passes to a TAFKAL80ETC concert, 10, 10 )
( Backstage passes to a TAFKAL80ETC concert, 10, 10 )
( Backstage passes to a TAFKAL80ETC concert, 10, 10 )
( Conjured Mana Cake, 10, 10 )
( +5 Dexterity Vest, 10, 10 )
( Aged Brie, 10, 10 )
( Elixir of the Mongoose, 10, 10 )
( Sulfuras, Hand of Ragnaros, 10, 10 )
( Sulfuras, Hand of Ragnaros, 10, 10 )
( Backstage passes to a TAFKAL80ETC concert, 10, 10 )
( Backstage passes to a TAFKAL80ETC concert, 10, 10 )
( Backstage passes to a TAFKAL80ETC concert, 10, 10 )
( Conjured Mana Cake, 10, 10 )
( +5 Dexterity Vest, 10, 10 )
( Aged Brie, 10, 10 )
( Elixir of the Mongoose, 10, 10 )
( Sulfuras, Hand of Ragnaros, 10, 10 )
( Sulfuras, Hand of Ragnaros, 10, 10 )
( Backstage passes to a TAFKAL80ETC concert, 10, 10 )
( Backstage passes to a TAFKAL80ETC concert, 10, 10 )
( Backstage passes to a TAFKAL80ETC concert, 10, 10 )
( Conjured Mana Cake, 10, 10 )
( +5 Dexterity Vest, 10, 10 )
( Aged Brie, 10, 10 )
( Elixir of the Mongoose, 10, 10 )
( Sulfuras, Hand of Ragnaros, 10, 10 )
( Sulfuras, Hand of Ragnaros, 10, 10 )
( Backstage passes to a TAFKAL80ETC concert, 10, 10 )
( Backstage passes to a TAFKAL80ETC concert, 10, 10 )
( Backstage passes to a TAFKAL80ETC concert, 10, 10 )
( Conjured Mana Cake, 10, 10 )
( +5 Dexterity Vest, 10, 10 )
( Aged Brie, 10, 10 )
( Elixir of the Mongoose, 10, 10 )
( Sulfuras, Hand of Ragnaros, 10, 10 )
( Sulfuras, Hand of Ragnaros, 10, 10 )
( Backstage passes to a TAFKAL80ETC concert, 10, 10 )
( Backstage passes to a TAFKAL80ETC concert, 10, 10 )
( Backstage passes to a TAFKAL80ETC concert, 10, 10 )
( Conjured Mana Cake, 10, 10 )
( +5 Dexterity Vest, 10, 10 )
( Aged Brie, 10, 10 )
( Elixir of the Mongoose, 10, 10 )
( Sulfuras, Hand of Ragnaros, 10, 10 )
( Sulfuras, Hand of Ragnaros, 10, 10 )
( Backstage passes to a TAFKAL80ETC concert, 10, 10 )
( Backstage passes to a TAFKAL80ETC concert, 10, 10 )
( Backstage passes to a TAFKAL80ETC concert, 10, 10 )
( Conjured Mana Cake, 10, 10 )
( +5 Dexterity Vest, 10, 10 )
( Aged Brie, 10, 10 )
( Elixir of the Mongoose, 10, 10 )
( Sulfuras, Hand of Ragnaros, 10, 10 )
( Sulfuras, Hand of Ragnaros, 10, 10 )
( Backstage passes to a TAFKAL80ETC concert, 10, 10 )
( Backstage passes to a TAFKAL80ETC concert, 10, 10 )
( Backstage passes to a TAFKAL80ETC concert, 10, 10 )
( Conjured Mana Cake, 10, 10 )
( +5 Dexterity Vest, 10, 10 )
( Aged Brie, 10, 10 )
( Elixir of the Mongoose, 10, 10 )
( Sulfuras, Hand of Ragnaros, 10, 10 )
( Sulfuras, Hand of Ragnaros, 10, 10 )
( Backstage passes to a TAFKAL80ETC concert, 10, 10 )
( Backstage passes to a TAFKAL80ETC concert, 10, 10 )
( Backstage passes to a TAFKAL80ETC concert, 10, 10 )
( Conjured Mana Cake, 10, 10 )
( +5 Dexterity Vest, 10, 10 )
( Aged Brie, 10, 10 )
( Elixir of the Mongoose, 10, 10 )
( Sulfuras, Hand of Ragnaros, 10, 10 )
( Sulfuras, Hand of Ragnaros, 10, 10 )
( Backstage passes to a TAFKAL80ETC concert, 10, 10 )
( Backstage passes to a TAFKAL80ETC concert, 10, 10 )
( Backstage passes to a TAFKAL80ETC concert, 10, 10 )
( Conjured Mana Cake, 10, 10 )
( +5 Dexterity Vest, 10, 10 )
( Aged Brie, 10, 10 )
( Elixir of the Mongoose, 10, 10 )
( Sulfuras, Hand of Ragnaros, 10, 10 )
( Sulfuras, Hand of Ragnaros, 10, 10 )
( Backstage passes to a TAFKAL80ETC concert, 10, 10 )
( Backstage passes to a TAFKAL80ETC concert, 10, 10 )
( Backstage passes to a TAFKAL80ETC concert, 10, 10 )
( Conjured Mana Cake, 10, 10 )
( +5 Dexterity Vest, 10, 10 )
( Aged Brie, 10, 10 )
( Elixir of the Mongoose, 10, 10 )
( Sulfuras, Hand of Ragnaros, 10, 10 )
( Sulfuras, Hand of Ragnaros, 10, 10 )
( Backstage passes to a TAFKAL80ETC concert, 10, 10 )
( Backstage passes to a TAFKAL80ETC concert, 10, 10 )
( Backstage passes to a TAFKAL80ETC concert, 10, 10 )
( Conjured Mana Cake, 10, 10 )

============ SORTIE ============
( +5 Dexterity Vest, 9, 9 )
( Aged Brie, 9, 11 )
( Elixir of the Mongoose, 9, 9 )
( Sulfuras, Hand of Ragnaros, 10, 10 )
( Sulfuras, Hand of Ragnaros, 10, 10 )
( Backstage passes to a TAFKAL80ETC concert, 9, 12 )
( Backstage passes to a TAFKAL80ETC concert, 9, 12 )
( Backstage passes to a TAFKAL80ETC concert, 9, 12 )
( Conjured Mana Cake, 9, 9 )
( +5 Dexterity Vest, 9, 9 )
( Aged Brie, 9, 11 )
( Elixir of the Mongoose, 9, 9 )
( Sulfuras, Hand of Ragnaros, 10, 10 )
( Sulfuras, Hand of Ragnaros, 10, 10 )
( Backstage passes to a TAFKAL80ETC concert, 9, 12 )
( Backstage passes to a TAFKAL80ETC concert, 9, 12 )
( Backstage passes to a TAFKAL80ETC concert, 9, 12 )
( Conjured Mana Cake, 9, 9 )
( +5 Dexterity Vest, 9, 9 )
( Aged Brie, 9, 11 )
( Elixir of the Mongoose, 9, 9 )
( Sulfuras, Hand of Ragnaros, 10, 10 )
( Sulfuras, Hand of Ragnaros, 10, 10 )
( Backstage passes to a TAFKAL80ETC concert, 9, 12 )
( Backstage passes to a TAFKAL80ETC concert, 9, 12 )
( Backstage passes to a TAFKAL80ETC concert, 9, 12 )
( Conjured Mana Cake, 9, 9 )
( +5 Dexterity Vest, 9, 9 )
( Aged Brie, 9, 11 )
( Elixir of the Mongoose, 9, 9 )
( Sulfuras, Hand of Ragnaros, 10, 10 )
( Sulfuras, Hand of Ragnaros, 10, 10 )
( Backstage passes to a TAFKAL80ETC concert, 9, 12 )
( Backstage passes to a TAFKAL80ETC concert, 9, 12 )
( Backstage passes to a TAFKAL80ETC concert, 9, 12 )
( Conjured Mana Cake, 9, 9 )
( +5 Dexterity Vest, 9, 9 )
( Aged Brie, 9, 11 )
( Elixir of the Mongoose, 9, 9 )
( Sulfuras, Hand of Ragnaros, 10, 10 )
( Sulfuras, Hand of Ragnaros, 10, 10 )
( Backstage passes to a TAFKAL80ETC concert, 9, 12 )
( Backstage passes to a TAFKAL80ETC concert, 9, 12 )
( Backstage passes to a TAFKAL80ETC concert, 9, 12 )
( Conjured Mana Cake, 9, 9 )
( +5 Dexterity Vest, 9, 9 )
( Aged Brie, 9, 11 )
( Elixir of the Mongoose, 9, 9 )
( Sulfuras, Hand of Ragnaros, 10, 10 )
( Sulfuras, Hand of Ragnaros, 10, 10 )
( Backstage passes to a TAFKAL80ETC concert, 9, 12 )
( Backstage passes to a TAFKAL80ETC concert, 9, 12 )
( Backstage passes to a TAFKAL80ETC concert, 9, 12 )
( Conjured Mana Cake, 9, 9 )
( +5 Dexterity Vest, 9, 9 )
( Aged Brie, 9, 11 )
( Elixir of the Mongoose, 9, 9 )
( Sulfuras, Hand of Ragnaros, 10, 10 )
( Sulfuras, Hand of Ragnaros, 10, 10 )
( Backstage passes to a TAFKAL80ETC concert, 9, 12 )
( Backstage passes to a TAFKAL80ETC concert, 9, 12 )
( Backstage passes to a TAFKAL80ETC concert, 9, 12 )
( Conjured Mana Cake, 9, 9 )
( +5 Dexterity Vest, 9, 9 )
( Aged Brie, 9, 11 )
( Elixir of the Mongoose, 9, 9 )
( Sulfuras, Hand of Ragnaros, 10, 10 )
( Sulfuras, Hand of Ragnaros, 10, 10 )
( Backstage passes to a TAFKAL80ETC concert, 9, 12 )
( Backstage passes to a TAFKAL80ETC concert, 9, 12 )
( Backstage passes to a TAFKAL80ETC concert, 9, 12 )
( Conjured Mana Cake, 9, 9 )
( +5 Dexterity Vest, 9, 9 )
( Aged Brie, 9, 11 )
( Elixir of the Mongoose, 9, 9 )
( Sulfuras, Hand of Ragnaros, 10, 10 )
( Sulfuras, Hand of Ragnaros, 10, 10 )
( Backstage passes to a TAFKAL80ETC concert, 9, 12 )
( Backstage passes to a TAFKAL80ETC concert, 9, 12 )
( Backstage passes to a TAFKAL80ETC concert, 9, 12 )
( Conjured Mana Cake, 9, 9 )
( +5 Dexterity Vest, 9, 9 )
( Aged Brie, 9, 11 )
( Elixir of the Mongoose, 9, 9 )
( Sulfuras, Hand of Ragnaros, 10, 10 )
( Sulfuras, Hand of Ragnaros, 10, 10 )
( Backstage passes to a TAFKAL80ETC concert, 9, 12 )
( Backstage passes to a TAFKAL80ETC concert, 9, 12 )
( Backstage passes to a TAFKAL80ETC concert, 9, 12 )
( Conjured Mana Cake, 9, 9 )
( +5 Dexterity Vest, 9, 9 )
( Aged Brie, 9, 11 )
( Elixir of the Mongoose, 9, 9 )
( Sulfuras, Hand of Ragnaros, 10, 10 )
( Sulfuras, Hand of Ragnaros, 10, 10 )
( Backstage passes to a TAFKAL80ETC concert, 9, 12 )
( Backstage passes to a TAFKAL80ETC concert, 9, 12 )
( Backstage passes to a TAFKAL80ETC concert, 9, 12 )
( Conjured Mana Cake, 9, 9 )
( +5 Dexterity Vest, 9, 9 )
( Aged Brie, 9, 11 )
( Elixir of the Mongoose, 9, 9 )
( Sulfuras, Hand of Ragnaros, 10, 10 )
( Sulfuras, Hand of Ragnaros, 10, 10 )
( Backstage passes to a TAFKAL80ETC concert, 9, 12 )
( Backstage passes to a TAFKAL80ETC concert, 9, 12 )
( Backstage passes to a TAFKAL80ETC concert, 9, 12 )
( Conjured Mana Cake, 9, 9 )
( +5 Dexterity Vest, 9, 9 )
( Aged Brie, 9, 11 )
( Elixir of the Mongoose, 9, 9 )
( Sulfuras, Hand of Ragnaros, 10, 10 )
( Sulfuras, Hand of Ragnaros, 10, 10 )
( Backstage passes to a TAFKAL80ETC concert, 9, 12 )
( Backstage passes to a TAFKAL80ETC concert, 9, 12 )
( Backstage passes to a TAFKAL80ETC concert, 9, 12 )
( Conjured Mana Cake, 9, 9 )
( +5 Dexterity Vest, 9, 9 )
( Aged Brie, 9, 11 )
( Elixir of the Mongoose, 9, 9 )
( Sulfuras, Hand of Ragnaros, 10, 10 )
( Sulfuras, Hand of Ragnaros, 10, 10 )
( Backstage passes to a TAFKAL80ETC concert, 9, 12 )
( Backstage passes to a TAFKAL80ETC concert, 9, 12 )
( Backstage passes to a TAFKAL80ETC concert, 9, 12 )
( Conjured Mana Cake, 9, 9 )
( +5 Dexterity Vest, 9, 9 )
( Aged Brie, 9, 11 )
( Elixir of the Mongoose, 9, 9 )
( Sulfuras, Hand of Ragnaros, 10, 10 )
( Sulfuras, Hand of Ragnaros, 10, 10 )
( Backstage passes to a TAFKAL80ETC concert, 9, 12 )
( Backstage passes to a TAFKAL80ETC concert, 9, 12 )
( Backstage passes to a TAFKAL80ETC concert, 9, 12 )
( Conjured Mana Cake, 9, 9 )
( +5 Dexterity Vest, 9, 9 )
( Aged Brie, 9, 11 )
( Elixir of the Mongoose, 9, 9 )
( Sulfuras, Hand of Ragnaros, 10, 10 )
( Sulfuras, Hand of Ragnaros, 10, 10 )
( Backstage passes to a TAFKAL80ETC concert, 9, 12 )
( Backstage passes to a TAFKAL80ETC concert, 9, 12 )
( Backstage passes to a TAFKAL80ETC concert, 9, 12 )
( Conjured Mana Cake, 9, 9 )
