cheese 
cheese ***************** TEST 01 *****************
cheese 
cheese ** UPDATE QUALITY **
cheese ============ ENTRER ============
cheese ( +5 Dexterity Vest, 10, 20 )
cheese 
cheese ============ SORTIE ============
cheese ( +5 Dexterity Vest, 9, 19 )
cheese 
cheese ***************** TEST 02 *****************
cheese 
cheese ** UPDATE QUALITY **
cheese ============ ENTRER ============
cheese ( +5 Dexterity Vest, 10, 10 )
cheese ( Aged Brie, 10, 10 )
cheese ( Elixir of the Mongoose, 10, 10 )
cheese ( Sulfuras, Hand of Ragnaros, 10, 10 )
cheese ( Sulfuras, Hand of Ragnaros, 10, 10 )
cheese ( Backstage passes to a TAFKAL80ETC concert, 10, 10 )
cheese ( Backstage passes to a TAFKAL80ETC concert, 10, 10 )
cheese ( Backstage passes to a TAFKAL80ETC concert, 10, 10 )
cheese ( Conjured Mana Cake, 10, 10 )
cheese 
cheese ============ SORTIE ============
cheese ( +5 Dexterity Vest, 9, 9 )
cheese ( Aged Brie, 9, 11 )
cheese ( Elixir of the Mongoose, 9, 9 )
cheese ( Sulfuras, Hand of Ragnaros, 10, 10 )
cheese ( Sulfuras, Hand of Ragnaros, 10, 10 )
cheese ( Backstage passes to a TAFKAL80ETC concert, 9, 12 )
cheese ( Backstage passes to a TAFKAL80ETC concert, 9, 12 )
cheese ( Backstage passes to a TAFKAL80ETC concert, 9, 12 )
cheese ( Conjured Mana Cake, 9, 9 )
cheese 
cheese ***************** TEST 03 *****************
cheese [TEST ALL ZERO]
cheese 
cheese ** UPDATE QUALITY **
cheese ============ ENTRER ============
cheese ( +5 Dexterity Vest, 0, 0 )
cheese ( Aged Brie, 0, 0 )
cheese ( Elixir of the Mongoose, 0, 0 )
cheese ( Sulfuras, Hand of Ragnaros, 0, 0 )
cheese ( Sulfuras, Hand of Ragnaros, 0, 0 )
cheese ( Backstage passes to a TAFKAL80ETC concert, 0, 0 )
cheese ( Backstage passes to a TAFKAL80ETC concert, 0, 0 )
cheese ( Backstage passes to a TAFKAL80ETC concert, 0, 0 )
cheese ( Conjured Mana Cake, 0, 0 )
cheese 
cheese ============ SORTIE ============
cheese ( +5 Dexterity Vest, -1, 0 )
cheese ( Aged Brie, -1, 2 )
cheese ( Elixir of the Mongoose, -1, 0 )
cheese ( Sulfuras, Hand of Ragnaros, 0, 0 )
cheese ( Sulfuras, Hand of Ragnaros, 0, 0 )
cheese ( Backstage passes to a TAFKAL80ETC concert, -1, 0 )
cheese ( Backstage passes to a TAFKAL80ETC concert, -1, 0 )
cheese ( Backstage passes to a TAFKAL80ETC concert, -1, 0 )
cheese ( Conjured Mana Cake, -1, 0 )
cheese 
cheese ***************** TEST 05 *****************
cheese [TEST NEGATIF SELL_IN]
cheese 
cheese ** UPDATE QUALITY **
cheese ============ ENTRER ============
cheese ( +5 Dexterity Vest, -10, 0 )
cheese ( Aged Brie, -10, 0 )
cheese ( Elixir of the Mongoose, -10, 0 )
cheese ( Sulfuras, Hand of Ragnaros, -10, 0 )
cheese ( Sulfuras, Hand of Ragnaros, -10, 0 )
cheese ( Backstage passes to a TAFKAL80ETC concert, -10, 0 )
cheese ( Backstage passes to a TAFKAL80ETC concert, -10, 0 )
cheese ( Backstage passes to a TAFKAL80ETC concert, -10, 0 )
cheese ( Conjured Mana Cake, -10, 0 )
cheese 
cheese ============ SORTIE ============
cheese ( +5 Dexterity Vest, -11, 0 )
cheese ( Aged Brie, -11, 2 )
cheese ( Elixir of the Mongoose, -11, 0 )
cheese ( Sulfuras, Hand of Ragnaros, -10, 0 )
cheese ( Sulfuras, Hand of Ragnaros, -10, 0 )
cheese ( Backstage passes to a TAFKAL80ETC concert, -11, 0 )
cheese ( Backstage passes to a TAFKAL80ETC concert, -11, 0 )
cheese ( Backstage passes to a TAFKAL80ETC concert, -11, 0 )
cheese ( Conjured Mana Cake, -11, 0 )
cheese 
cheese ***************** TEST 06 *****************
cheese [TEST NEGATIF QUALITY]
cheese 
cheese ** UPDATE QUALITY **
cheese ============ ENTRER ============
cheese ( +5 Dexterity Vest, 0, -10 )
cheese ( Aged Brie, 0, -10 )
cheese ( Elixir of the Mongoose, 10, -10 )
cheese ( Sulfuras, Hand of Ragnaros, 0, -10 )
cheese ( Sulfuras, Hand of Ragnaros, 0, -10 )
cheese ( Backstage passes to a TAFKAL80ETC concert, 0, -10 )
cheese ( Backstage passes to a TAFKAL80ETC concert, 0, -10 )
cheese ( Backstage passes to a TAFKAL80ETC concert, 0, -10 )
cheese ( Conjured Mana Cake, 0, -10 )
cheese 
cheese ============ SORTIE ============
cheese ( +5 Dexterity Vest, -1, -10 )
cheese ( Aged Brie, -1, -8 )
cheese ( Elixir of the Mongoose, 9, -10 )
cheese ( Sulfuras, Hand of Ragnaros, 0, -10 )
cheese ( Sulfuras, Hand of Ragnaros, 0, -10 )
cheese ( Backstage passes to a TAFKAL80ETC concert, -1, 0 )
cheese ( Backstage passes to a TAFKAL80ETC concert, -1, 0 )
cheese ( Backstage passes to a TAFKAL80ETC concert, -1, 0 )
cheese ( Conjured Mana Cake, -1, -10 )
cheese 
cheese ***************** DAY TEST 01 *****************
cheese [TEST 10 JOURS]
cheese 
cheese 
cheese == [DAY 0] ==
cheese 
cheese ** UPDATE QUALITY **
cheese ============ ENTRER ============
cheese == [DAY 0] ==
cheese ( +5 Dexterity Vest, 10, 10 )
cheese ( Aged Brie, 10, 10 )
cheese ( Elixir of the Mongoose, 10, 10 )
cheese ( Sulfuras, Hand of Ragnaros, 10, 10 )
cheese ( Sulfuras, Hand of Ragnaros, 10, 10 )
cheese ( Backstage passes to a TAFKAL80ETC concert, 10, 10 )
cheese ( Backstage passes to a TAFKAL80ETC concert, 10, 10 )
cheese ( Backstage passes to a TAFKAL80ETC concert, 10, 10 )
cheese ( Conjured Mana Cake, 10, 10 )
cheese 
cheese ============ SORTIE ============
cheese == [DAY 0] ==
cheese ( +5 Dexterity Vest, 9, 9 )
cheese ( Aged Brie, 9, 11 )
cheese ( Elixir of the Mongoose, 9, 9 )
cheese ( Sulfuras, Hand of Ragnaros, 10, 10 )
cheese ( Sulfuras, Hand of Ragnaros, 10, 10 )
cheese ( Backstage passes to a TAFKAL80ETC concert, 9, 12 )
cheese ( Backstage passes to a TAFKAL80ETC concert, 9, 12 )
cheese ( Backstage passes to a TAFKAL80ETC concert, 9, 12 )
cheese ( Conjured Mana Cake, 9, 9 )
cheese 
cheese == [DAY 1] ==
cheese 
cheese ** UPDATE QUALITY **
cheese ============ ENTRER ============
cheese == [DAY 1] ==
cheese ( +5 Dexterity Vest, 9, 9 )
cheese ( Aged Brie, 9, 11 )
cheese ( Elixir of the Mongoose, 9, 9 )
cheese ( Sulfuras, Hand of Ragnaros, 10, 10 )
cheese ( Sulfuras, Hand of Ragnaros, 10, 10 )
cheese ( Backstage passes to a TAFKAL80ETC concert, 9, 12 )
cheese ( Backstage passes to a TAFKAL80ETC concert, 9, 12 )
cheese ( Backstage passes to a TAFKAL80ETC concert, 9, 12 )
cheese ( Conjured Mana Cake, 9, 9 )
cheese 
cheese ============ SORTIE ============
cheese == [DAY 1] ==
cheese ( +5 Dexterity Vest, 8, 8 )
cheese ( Aged Brie, 8, 12 )
cheese ( Elixir of the Mongoose, 8, 8 )
cheese ( Sulfuras, Hand of Ragnaros, 10, 10 )
cheese ( Sulfuras, Hand of Ragnaros, 10, 10 )
cheese ( Backstage passes to a TAFKAL80ETC concert, 8, 14 )
cheese ( Backstage passes to a TAFKAL80ETC concert, 8, 14 )
cheese ( Backstage passes to a TAFKAL80ETC concert, 8, 14 )
cheese ( Conjured Mana Cake, 8, 8 )
cheese 
cheese == [DAY 2] ==
cheese 
cheese ** UPDATE QUALITY **
cheese ============ ENTRER ============
cheese == [DAY 2] ==
cheese ( +5 Dexterity Vest, 8, 8 )
cheese ( Aged Brie, 8, 12 )
cheese ( Elixir of the Mongoose, 8, 8 )
cheese ( Sulfuras, Hand of Ragnaros, 10, 10 )
cheese ( Sulfuras, Hand of Ragnaros, 10, 10 )
cheese ( Backstage passes to a TAFKAL80ETC concert, 8, 14 )
cheese ( Backstage passes to a TAFKAL80ETC concert, 8, 14 )
cheese ( Backstage passes to a TAFKAL80ETC concert, 8, 14 )
cheese ( Conjured Mana Cake, 8, 8 )
cheese 
cheese ============ SORTIE ============
cheese == [DAY 2] ==
cheese ( +5 Dexterity Vest, 7, 7 )
cheese ( Aged Brie, 7, 13 )
cheese ( Elixir of the Mongoose, 7, 7 )
cheese ( Sulfuras, Hand of Ragnaros, 10, 10 )
cheese ( Sulfuras, Hand of Ragnaros, 10, 10 )
cheese ( Backstage passes to a TAFKAL80ETC concert, 7, 16 )
cheese ( Backstage passes to a TAFKAL80ETC concert, 7, 16 )
cheese ( Backstage passes to a TAFKAL80ETC concert, 7, 16 )
cheese ( Conjured Mana Cake, 7, 7 )
cheese 
cheese == [DAY 3] ==
cheese 
cheese ** UPDATE QUALITY **
cheese ============ ENTRER ============
cheese == [DAY 3] ==
cheese ( +5 Dexterity Vest, 7, 7 )
cheese ( Aged Brie, 7, 13 )
cheese ( Elixir of the Mongoose, 7, 7 )
cheese ( Sulfuras, Hand of Ragnaros, 10, 10 )
cheese ( Sulfuras, Hand of Ragnaros, 10, 10 )
cheese ( Backstage passes to a TAFKAL80ETC concert, 7, 16 )
cheese ( Backstage passes to a TAFKAL80ETC concert, 7, 16 )
cheese ( Backstage passes to a TAFKAL80ETC concert, 7, 16 )
cheese ( Conjured Mana Cake, 7, 7 )
cheese 
cheese ============ SORTIE ============
cheese == [DAY 3] ==
cheese ( +5 Dexterity Vest, 6, 6 )
cheese ( Aged Brie, 6, 14 )
cheese ( Elixir of the Mongoose, 6, 6 )
cheese ( Sulfuras, Hand of Ragnaros, 10, 10 )
cheese ( Sulfuras, Hand of Ragnaros, 10, 10 )
cheese ( Backstage passes to a TAFKAL80ETC concert, 6, 18 )
cheese ( Backstage passes to a TAFKAL80ETC concert, 6, 18 )
cheese ( Backstage passes to a TAFKAL80ETC concert, 6, 18 )
cheese ( Conjured Mana Cake, 6, 6 )
cheese 
cheese == [DAY 4] ==
cheese 
cheese ** UPDATE QUALITY **
cheese ============ ENTRER ============
cheese == [DAY 4] ==
cheese ( +5 Dexterity Vest, 6, 6 )
cheese ( Aged Brie, 6, 14 )
cheese ( Elixir of the Mongoose, 6, 6 )
cheese ( Sulfuras, Hand of Ragnaros, 10, 10 )
cheese ( Sulfuras, Hand of Ragnaros, 10, 10 )
cheese ( Backstage passes to a TAFKAL80ETC concert, 6, 18 )
cheese ( Backstage passes to a TAFKAL80ETC concert, 6, 18 )
cheese ( Backstage passes to a TAFKAL80ETC concert, 6, 18 )
cheese ( Conjured Mana Cake, 6, 6 )
cheese 
cheese ============ SORTIE ============
cheese == [DAY 4] ==
cheese ( +5 Dexterity Vest, 5, 5 )
cheese ( Aged Brie, 5, 15 )
cheese ( Elixir of the Mongoose, 5, 5 )
cheese ( Sulfuras, Hand of Ragnaros, 10, 10 )
cheese ( Sulfuras, Hand of Ragnaros, 10, 10 )
cheese ( Backstage passes to a TAFKAL80ETC concert, 5, 20 )
cheese ( Backstage passes to a TAFKAL80ETC concert, 5, 20 )
cheese ( Backstage passes to a TAFKAL80ETC concert, 5, 20 )
cheese ( Conjured Mana Cake, 5, 5 )
cheese 
cheese == [DAY 5] ==
cheese 
cheese ** UPDATE QUALITY **
cheese ============ ENTRER ============
cheese == [DAY 5] ==
cheese ( +5 Dexterity Vest, 5, 5 )
cheese ( Aged Brie, 5, 15 )
cheese ( Elixir of the Mongoose, 5, 5 )
cheese ( Sulfuras, Hand of Ragnaros, 10, 10 )
cheese ( Sulfuras, Hand of Ragnaros, 10, 10 )
cheese ( Backstage passes to a TAFKAL80ETC concert, 5, 20 )
cheese ( Backstage passes to a TAFKAL80ETC concert, 5, 20 )
cheese ( Backstage passes to a TAFKAL80ETC concert, 5, 20 )
cheese ( Conjured Mana Cake, 5, 5 )
cheese 
cheese ============ SORTIE ============
cheese == [DAY 5] ==
cheese ( +5 Dexterity Vest, 4, 4 )
cheese ( Aged Brie, 4, 16 )
cheese ( Elixir of the Mongoose, 4, 4 )
cheese ( Sulfuras, Hand of Ragnaros, 10, 10 )
cheese ( Sulfuras, Hand of Ragnaros, 10, 10 )
cheese ( Backstage passes to a TAFKAL80ETC concert, 4, 23 )
cheese ( Backstage passes to a TAFKAL80ETC concert, 4, 23 )
cheese ( Backstage passes to a TAFKAL80ETC concert, 4, 23 )
cheese ( Conjured Mana Cake, 4, 4 )
cheese 
cheese == [DAY 6] ==
cheese 
cheese ** UPDATE QUALITY **
cheese ============ ENTRER ============
cheese == [DAY 6] ==
cheese ( +5 Dexterity Vest, 4, 4 )
cheese ( Aged Brie, 4, 16 )
cheese ( Elixir of the Mongoose, 4, 4 )
cheese ( Sulfuras, Hand of Ragnaros, 10, 10 )
cheese ( Sulfuras, Hand of Ragnaros, 10, 10 )
cheese ( Backstage passes to a TAFKAL80ETC concert, 4, 23 )
cheese ( Backstage passes to a TAFKAL80ETC concert, 4, 23 )
cheese ( Backstage passes to a TAFKAL80ETC concert, 4, 23 )
cheese ( Conjured Mana Cake, 4, 4 )
cheese 
cheese ============ SORTIE ============
cheese == [DAY 6] ==
cheese ( +5 Dexterity Vest, 3, 3 )
cheese ( Aged Brie, 3, 17 )
cheese ( Elixir of the Mongoose, 3, 3 )
cheese ( Sulfuras, Hand of Ragnaros, 10, 10 )
cheese ( Sulfuras, Hand of Ragnaros, 10, 10 )
cheese ( Backstage passes to a TAFKAL80ETC concert, 3, 26 )
cheese ( Backstage passes to a TAFKAL80ETC concert, 3, 26 )
cheese ( Backstage passes to a TAFKAL80ETC concert, 3, 26 )
cheese ( Conjured Mana Cake, 3, 3 )
cheese 
cheese == [DAY 7] ==
cheese 
cheese ** UPDATE QUALITY **
cheese ============ ENTRER ============
cheese == [DAY 7] ==
cheese ( +5 Dexterity Vest, 3, 3 )
cheese ( Aged Brie, 3, 17 )
cheese ( Elixir of the Mongoose, 3, 3 )
cheese ( Sulfuras, Hand of Ragnaros, 10, 10 )
cheese ( Sulfuras, Hand of Ragnaros, 10, 10 )
cheese ( Backstage passes to a TAFKAL80ETC concert, 3, 26 )
cheese ( Backstage passes to a TAFKAL80ETC concert, 3, 26 )
cheese ( Backstage passes to a TAFKAL80ETC concert, 3, 26 )
cheese ( Conjured Mana Cake, 3, 3 )
cheese 
cheese ============ SORTIE ============
cheese == [DAY 7] ==
cheese ( +5 Dexterity Vest, 2, 2 )
cheese ( Aged Brie, 2, 18 )
cheese ( Elixir of the Mongoose, 2, 2 )
cheese ( Sulfuras, Hand of Ragnaros, 10, 10 )
cheese ( Sulfuras, Hand of Ragnaros, 10, 10 )
cheese ( Backstage passes to a TAFKAL80ETC concert, 2, 29 )
cheese ( Backstage passes to a TAFKAL80ETC concert, 2, 29 )
cheese ( Backstage passes to a TAFKAL80ETC concert, 2, 29 )
cheese ( Conjured Mana Cake, 2, 2 )
cheese 
cheese == [DAY 8] ==
cheese 
cheese ** UPDATE QUALITY **
cheese ============ ENTRER ============
cheese == [DAY 8] ==
cheese ( +5 Dexterity Vest, 2, 2 )
cheese ( Aged Brie, 2, 18 )
cheese ( Elixir of the Mongoose, 2, 2 )
cheese ( Sulfuras, Hand of Ragnaros, 10, 10 )
cheese ( Sulfuras, Hand of Ragnaros, 10, 10 )
cheese ( Backstage passes to a TAFKAL80ETC concert, 2, 29 )
cheese ( Backstage passes to a TAFKAL80ETC concert, 2, 29 )
cheese ( Backstage passes to a TAFKAL80ETC concert, 2, 29 )
cheese ( Conjured Mana Cake, 2, 2 )
cheese 
cheese ============ SORTIE ============
cheese == [DAY 8] ==
cheese ( +5 Dexterity Vest, 1, 1 )
cheese ( Aged Brie, 1, 19 )
cheese ( Elixir of the Mongoose, 1, 1 )
cheese ( Sulfuras, Hand of Ragnaros, 10, 10 )
cheese ( Sulfuras, Hand of Ragnaros, 10, 10 )
cheese ( Backstage passes to a TAFKAL80ETC concert, 1, 32 )
cheese ( Backstage passes to a TAFKAL80ETC concert, 1, 32 )
cheese ( Backstage passes to a TAFKAL80ETC concert, 1, 32 )
cheese ( Conjured Mana Cake, 1, 1 )
cheese 
cheese == [DAY 9] ==
cheese 
cheese ** UPDATE QUALITY **
cheese ============ ENTRER ============
cheese == [DAY 9] ==
cheese ( +5 Dexterity Vest, 1, 1 )
cheese ( Aged Brie, 1, 19 )
cheese ( Elixir of the Mongoose, 1, 1 )
cheese ( Sulfuras, Hand of Ragnaros, 10, 10 )
cheese ( Sulfuras, Hand of Ragnaros, 10, 10 )
cheese ( Backstage passes to a TAFKAL80ETC concert, 1, 32 )
cheese ( Backstage passes to a TAFKAL80ETC concert, 1, 32 )
cheese ( Backstage passes to a TAFKAL80ETC concert, 1, 32 )
cheese ( Conjured Mana Cake, 1, 1 )
cheese 
cheese ============ SORTIE ============
cheese == [DAY 9] ==
cheese ( +5 Dexterity Vest, 0, 0 )
cheese ( Aged Brie, 0, 20 )
cheese ( Elixir of the Mongoose, 0, 0 )
cheese ( Sulfuras, Hand of Ragnaros, 10, 10 )
cheese ( Sulfuras, Hand of Ragnaros, 10, 10 )
cheese ( Backstage passes to a TAFKAL80ETC concert, 0, 35 )
cheese ( Backstage passes to a TAFKAL80ETC concert, 0, 35 )
cheese ( Backstage passes to a TAFKAL80ETC concert, 0, 35 )
cheese ( Conjured Mana Cake, 0, 0 )
cheese 
cheese == [DAY 10] ==
cheese 
cheese ** UPDATE QUALITY **
cheese ============ ENTRER ============
cheese == [DAY 10] ==
cheese ( +5 Dexterity Vest, 0, 0 )
cheese ( Aged Brie, 0, 20 )
cheese ( Elixir of the Mongoose, 0, 0 )
cheese ( Sulfuras, Hand of Ragnaros, 10, 10 )
cheese ( Sulfuras, Hand of Ragnaros, 10, 10 )
cheese ( Backstage passes to a TAFKAL80ETC concert, 0, 35 )
cheese ( Backstage passes to a TAFKAL80ETC concert, 0, 35 )
cheese ( Backstage passes to a TAFKAL80ETC concert, 0, 35 )
cheese ( Conjured Mana Cake, 0, 0 )
cheese 
cheese ============ SORTIE ============
cheese == [DAY 10] ==
cheese ( +5 Dexterity Vest, -1, 0 )
cheese ( Aged Brie, -1, 22 )
cheese ( Elixir of the Mongoose, -1, 0 )
cheese ( Sulfuras, Hand of Ragnaros, 10, 10 )
cheese ( Sulfuras, Hand of Ragnaros, 10, 10 )
cheese ( Backstage passes to a TAFKAL80ETC concert, -1, 0 )
cheese ( Backstage passes to a TAFKAL80ETC concert, -1, 0 )
cheese ( Backstage passes to a TAFKAL80ETC concert, -1, 0 )
cheese ( Conjured Mana Cake, -1, 0 )
cheese 
cheese ***************** TEST BIG *****************
cheese 
cheese ** UPDATE QUALITY **
cheese ============ ENTRER ============
cheese ( +5 Dexterity Vest, 10, 10 )
cheese ( Aged Brie, 10, 10 )
cheese ( Elixir of the Mongoose, 10, 10 )
cheese ( Sulfuras, Hand of Ragnaros, 10, 10 )
cheese ( Sulfuras, Hand of Ragnaros, 10, 10 )
cheese ( Backstage passes to a TAFKAL80ETC concert, 10, 10 )
cheese ( Backstage passes to a TAFKAL80ETC concert, 10, 10 )
cheese ( Backstage passes to a TAFKAL80ETC concert, 10, 10 )
cheese ( Conjured Mana Cake, 10, 10 )
cheese ( +5 Dexterity Vest, 10, 10 )
cheese ( Aged Brie, 10, 10 )
cheese ( Elixir of the Mongoose, 10, 10 )
cheese ( Sulfuras, Hand of Ragnaros, 10, 10 )
cheese ( Sulfuras, Hand of Ragnaros, 10, 10 )
cheese ( Backstage passes to a TAFKAL80ETC concert, 10, 10 )
cheese ( Backstage passes to a TAFKAL80ETC concert, 10, 10 )
cheese ( Backstage passes to a TAFKAL80ETC concert, 10, 10 )
cheese ( Conjured Mana Cake, 10, 10 )
cheese ( +5 Dexterity Vest, 10, 10 )
cheese ( Aged Brie, 10, 10 )
cheese ( Elixir of the Mongoose, 10, 10 )
cheese ( Sulfuras, Hand of Ragnaros, 10, 10 )
cheese ( Sulfuras, Hand of Ragnaros, 10, 10 )
cheese ( Backstage passes to a TAFKAL80ETC concert, 10, 10 )
cheese ( Backstage passes to a TAFKAL80ETC concert, 10, 10 )
cheese ( Backstage passes to a TAFKAL80ETC concert, 10, 10 )
cheese ( Conjured Mana Cake, 10, 10 )
cheese ( +5 Dexterity Vest, 10, 10 )
cheese ( Aged Brie, 10, 10 )
cheese ( Elixir of the Mongoose, 10, 10 )
cheese ( Sulfuras, Hand of Ragnaros, 10, 10 )
cheese ( Sulfuras, Hand of Ragnaros, 10, 10 )
cheese ( Backstage passes to a TAFKAL80ETC concert, 10, 10 )
cheese ( Backstage passes to a TAFKAL80ETC concert, 10, 10 )
cheese ( Backstage passes to a TAFKAL80ETC concert, 10, 10 )
cheese ( Conjured Mana Cake, 10, 10 )
cheese ( +5 Dexterity Vest, 10, 10 )
cheese ( Aged Brie, 10, 10 )
cheese ( Elixir of the Mongoose, 10, 10 )
cheese ( Sulfuras, Hand of Ragnaros, 10, 10 )
cheese ( Sulfuras, Hand of Ragnaros, 10, 10 )
cheese ( Backstage passes to a TAFKAL80ETC concert, 10, 10 )
cheese ( Backstage passes to a TAFKAL80ETC concert, 10, 10 )
cheese ( Backstage passes to a TAFKAL80ETC concert, 10, 10 )
cheese ( Conjured Mana Cake, 10, 10 )
cheese ( +5 Dexterity Vest, 10, 10 )
cheese ( Aged Brie, 10, 10 )
cheese ( Elixir of the Mongoose, 10, 10 )
cheese ( Sulfuras, Hand of Ragnaros, 10, 10 )
cheese ( Sulfuras, Hand of Ragnaros, 10, 10 )
cheese ( Backstage passes to a TAFKAL80ETC concert, 10, 10 )
cheese ( Backstage passes to a TAFKAL80ETC concert, 10, 10 )
cheese ( Backstage passes to a TAFKAL80ETC concert, 10, 10 )
cheese ( Conjured Mana Cake, 10, 10 )
cheese ( +5 Dexterity Vest, 10, 10 )
cheese ( Aged Brie, 10, 10 )
cheese ( Elixir of the Mongoose, 10, 10 )
cheese ( Sulfuras, Hand of Ragnaros, 10, 10 )
cheese ( Sulfuras, Hand of Ragnaros, 10, 10 )
cheese ( Backstage passes to a TAFKAL80ETC concert, 10, 10 )
cheese ( Backstage passes to a TAFKAL80ETC concert, 10, 10 )
cheese ( Backstage passes to a TAFKAL80ETC concert, 10, 10 )
cheese ( Conjured Mana Cake, 10, 10 )
cheese ( +5 Dexterity Vest, 10, 10 )
cheese ( Aged Brie, 10, 10 )
cheese ( Elixir of the Mongoose, 10, 10 )
cheese ( Sulfuras, Hand of Ragnaros, 10, 10 )
cheese ( Sulfuras, Hand of Ragnaros, 10, 10 )
cheese ( Backstage passes to a TAFKAL80ETC concert, 10, 10 )
cheese ( Backstage passes to a TAFKAL80ETC concert, 10, 10 )
cheese ( Backstage passes to a TAFKAL80ETC concert, 10, 10 )
cheese ( Conjured Mana Cake, 10, 10 )
cheese ( +5 Dexterity Vest, 10, 10 )
cheese ( Aged Brie, 10, 10 )
cheese ( Elixir of the Mongoose, 10, 10 )
cheese ( Sulfuras, Hand of Ragnaros, 10, 10 )
cheese ( Sulfuras, Hand of Ragnaros, 10, 10 )
cheese ( Backstage passes to a TAFKAL80ETC concert, 10, 10 )
cheese ( Backstage passes to a TAFKAL80ETC concert, 10, 10 )
cheese ( Backstage passes to a TAFKAL80ETC concert, 10, 10 )
cheese ( Conjured Mana Cake, 10, 10 )
cheese ( +5 Dexterity Vest, 10, 10 )
cheese ( Aged Brie, 10, 10 )
cheese ( Elixir of the Mongoose, 10, 10 )
cheese ( Sulfuras, Hand of Ragnaros, 10, 10 )
cheese ( Sulfuras, Hand of Ragnaros, 10, 10 )
cheese ( Backstage passes to a TAFKAL80ETC concert, 10, 10 )
cheese ( Backstage passes to a TAFKAL80ETC concert, 10, 10 )
cheese ( Backstage passes to a TAFKAL80ETC concert, 10, 10 )
cheese ( Conjured Mana Cake, 10, 10 )
cheese ( +5 Dexterity Vest, 10, 10 )
cheese ( Aged Brie, 10, 10 )
cheese ( Elixir of the Mongoose, 10, 10 )
cheese ( Sulfuras, Hand of Ragnaros, 10, 10 )
cheese ( Sulfuras, Hand of Ragnaros, 10, 10 )
cheese ( Backstage passes to a TAFKAL80ETC concert, 10, 10 )
cheese ( Backstage passes to a TAFKAL80ETC concert, 10, 10 )
cheese ( Backstage passes to a TAFKAL80ETC concert, 10, 10 )
cheese ( Conjured Mana Cake, 10, 10 )
cheese ( +5 Dexterity Vest, 10, 10 )
cheese ( Aged Brie, 10, 10 )
cheese ( Elixir of the Mongoose, 10, 10 )
cheese ( Sulfuras, Hand of Ragnaros, 10, 10 )
cheese ( Sulfuras, Hand of Ragnaros, 10, 10 )
cheese ( Backstage passes to a TAFKAL80ETC concert, 10, 10 )
cheese ( Backstage passes to a TAFKAL80ETC concert, 10, 10 )
cheese ( Backstage passes to a TAFKAL80ETC concert, 10, 10 )
cheese ( Conjured Mana Cake, 10, 10 )
cheese ( +5 Dexterity Vest, 10, 10 )
cheese ( Aged Brie, 10, 10 )
cheese ( Elixir of the Mongoose, 10, 10 )
cheese ( Sulfuras, Hand of Ragnaros, 10, 10 )
cheese ( Sulfuras, Hand of Ragnaros, 10, 10 )
cheese ( Backstage passes to a TAFKAL80ETC concert, 10, 10 )
cheese ( Backstage passes to a TAFKAL80ETC concert, 10, 10 )
cheese ( Backstage passes to a TAFKAL80ETC concert, 10, 10 )
cheese ( Conjured Mana Cake, 10, 10 )
cheese ( +5 Dexterity Vest, 10, 10 )
cheese ( Aged Brie, 10, 10 )
cheese ( Elixir of the Mongoose, 10, 10 )
cheese ( Sulfuras, Hand of Ragnaros, 10, 10 )
cheese ( Sulfuras, Hand of Ragnaros, 10, 10 )
cheese ( Backstage passes to a TAFKAL80ETC concert, 10, 10 )
cheese ( Backstage passes to a TAFKAL80ETC concert, 10, 10 )
cheese ( Backstage passes to a TAFKAL80ETC concert, 10, 10 )
cheese ( Conjured Mana Cake, 10, 10 )
cheese ( +5 Dexterity Vest, 10, 10 )
cheese ( Aged Brie, 10, 10 )
cheese ( Elixir of the Mongoose, 10, 10 )
cheese ( Sulfuras, Hand of Ragnaros, 10, 10 )
cheese ( Sulfuras, Hand of Ragnaros, 10, 10 )
cheese ( Backstage passes to a TAFKAL80ETC concert, 10, 10 )
cheese ( Backstage passes to a TAFKAL80ETC concert, 10, 10 )
cheese ( Backstage passes to a TAFKAL80ETC concert, 10, 10 )
cheese ( Conjured Mana Cake, 10, 10 )
cheese ( +5 Dexterity Vest, 10, 10 )
cheese ( Aged Brie, 10, 10 )
cheese ( Elixir of the Mongoose, 10, 10 )
cheese ( Sulfuras, Hand of Ragnaros, 10, 10 )
cheese ( Sulfuras, Hand of Ragnaros, 10, 10 )
cheese ( Backstage passes to a TAFKAL80ETC concert, 10, 10 )
cheese ( Backstage passes to a TAFKAL80ETC concert, 10, 10 )
cheese ( Backstage passes to a TAFKAL80ETC concert, 10, 10 )
cheese ( Conjured Mana Cake, 10, 10 )
cheese 
cheese ============ SORTIE ============
cheese ( +5 Dexterity Vest, 9, 9 )
cheese ( Aged Brie, 9, 11 )
cheese ( Elixir of the Mongoose, 9, 9 )
cheese ( Sulfuras, Hand of Ragnaros, 10, 10 )
cheese ( Sulfuras, Hand of Ragnaros, 10, 10 )
cheese ( Backstage passes to a TAFKAL80ETC concert, 9, 12 )
cheese ( Backstage passes to a TAFKAL80ETC concert, 9, 12 )
cheese ( Backstage passes to a TAFKAL80ETC concert, 9, 12 )
cheese ( Conjured Mana Cake, 9, 9 )
cheese ( +5 Dexterity Vest, 9, 9 )
cheese ( Aged Brie, 9, 11 )
cheese ( Elixir of the Mongoose, 9, 9 )
cheese ( Sulfuras, Hand of Ragnaros, 10, 10 )
cheese ( Sulfuras, Hand of Ragnaros, 10, 10 )
cheese ( Backstage passes to a TAFKAL80ETC concert, 9, 12 )
cheese ( Backstage passes to a TAFKAL80ETC concert, 9, 12 )
cheese ( Backstage passes to a TAFKAL80ETC concert, 9, 12 )
cheese ( Conjured Mana Cake, 9, 9 )
cheese ( +5 Dexterity Vest, 9, 9 )
cheese ( Aged Brie, 9, 11 )
cheese ( Elixir of the Mongoose, 9, 9 )
cheese ( Sulfuras, Hand of Ragnaros, 10, 10 )
cheese ( Sulfuras, Hand of Ragnaros, 10, 10 )
cheese ( Backstage passes to a TAFKAL80ETC concert, 9, 12 )
cheese ( Backstage passes to a TAFKAL80ETC concert, 9, 12 )
cheese ( Backstage passes to a TAFKAL80ETC concert, 9, 12 )
cheese ( Conjured Mana Cake, 9, 9 )
cheese ( +5 Dexterity Vest, 9, 9 )
cheese ( Aged Brie, 9, 11 )
cheese ( Elixir of the Mongoose, 9, 9 )
cheese ( Sulfuras, Hand of Ragnaros, 10, 10 )
cheese ( Sulfuras, Hand of Ragnaros, 10, 10 )
cheese ( Backstage passes to a TAFKAL80ETC concert, 9, 12 )
cheese ( Backstage passes to a TAFKAL80ETC concert, 9, 12 )
cheese ( Backstage passes to a TAFKAL80ETC concert, 9, 12 )
cheese ( Conjured Mana Cake, 9, 9 )
cheese ( +5 Dexterity Vest, 9, 9 )
cheese ( Aged Brie, 9, 11 )
cheese ( Elixir of the Mongoose, 9, 9 )
cheese ( Sulfuras, Hand of Ragnaros, 10, 10 )
cheese ( Sulfuras, Hand of Ragnaros, 10, 10 )
cheese ( Backstage passes to a TAFKAL80ETC concert, 9, 12 )
cheese ( Backstage passes to a TAFKAL80ETC concert, 9, 12 )
cheese ( Backstage passes to a TAFKAL80ETC concert, 9, 12 )
cheese ( Conjured Mana Cake, 9, 9 )
cheese ( +5 Dexterity Vest, 9, 9 )
cheese ( Aged Brie, 9, 11 )
cheese ( Elixir of the Mongoose, 9, 9 )
cheese ( Sulfuras, Hand of Ragnaros, 10, 10 )
cheese ( Sulfuras, Hand of Ragnaros, 10, 10 )
cheese ( Backstage passes to a TAFKAL80ETC concert, 9, 12 )
cheese ( Backstage passes to a TAFKAL80ETC concert, 9, 12 )
cheese ( Backstage passes to a TAFKAL80ETC concert, 9, 12 )
cheese ( Conjured Mana Cake, 9, 9 )
cheese ( +5 Dexterity Vest, 9, 9 )
cheese ( Aged Brie, 9, 11 )
cheese ( Elixir of the Mongoose, 9, 9 )
cheese ( Sulfuras, Hand of Ragnaros, 10, 10 )
cheese ( Sulfuras, Hand of Ragnaros, 10, 10 )
cheese ( Backstage passes to a TAFKAL80ETC concert, 9, 12 )
cheese ( Backstage passes to a TAFKAL80ETC concert, 9, 12 )
cheese ( Backstage passes to a TAFKAL80ETC concert, 9, 12 )
cheese ( Conjured Mana Cake, 9, 9 )
cheese ( +5 Dexterity Vest, 9, 9 )
cheese ( Aged Brie, 9, 11 )
cheese ( Elixir of the Mongoose, 9, 9 )
cheese ( Sulfuras, Hand of Ragnaros, 10, 10 )
cheese ( Sulfuras, Hand of Ragnaros, 10, 10 )
cheese ( Backstage passes to a TAFKAL80ETC concert, 9, 12 )
cheese ( Backstage passes to a TAFKAL80ETC concert, 9, 12 )
cheese ( Backstage passes to a TAFKAL80ETC concert, 9, 12 )
cheese ( Conjured Mana Cake, 9, 9 )
cheese ( +5 Dexterity Vest, 9, 9 )
cheese ( Aged Brie, 9, 11 )
cheese ( Elixir of the Mongoose, 9, 9 )
cheese ( Sulfuras, Hand of Ragnaros, 10, 10 )
cheese ( Sulfuras, Hand of Ragnaros, 10, 10 )
cheese ( Backstage passes to a TAFKAL80ETC concert, 9, 12 )
cheese ( Backstage passes to a TAFKAL80ETC concert, 9, 12 )
cheese ( Backstage passes to a TAFKAL80ETC concert, 9, 12 )
cheese ( Conjured Mana Cake, 9, 9 )
cheese ( +5 Dexterity Vest, 9, 9 )
cheese ( Aged Brie, 9, 11 )
cheese ( Elixir of the Mongoose, 9, 9 )
cheese ( Sulfuras, Hand of Ragnaros, 10, 10 )
cheese ( Sulfuras, Hand of Ragnaros, 10, 10 )
cheese ( Backstage passes to a TAFKAL80ETC concert, 9, 12 )
cheese ( Backstage passes to a TAFKAL80ETC concert, 9, 12 )
cheese ( Backstage passes to a TAFKAL80ETC concert, 9, 12 )
cheese ( Conjured Mana Cake, 9, 9 )
cheese ( +5 Dexterity Vest, 9, 9 )
cheese ( Aged Brie, 9, 11 )
cheese ( Elixir of the Mongoose, 9, 9 )
cheese ( Sulfuras, Hand of Ragnaros, 10, 10 )
cheese ( Sulfuras, Hand of Ragnaros, 10, 10 )
cheese ( Backstage passes to a TAFKAL80ETC concert, 9, 12 )
cheese ( Backstage passes to a TAFKAL80ETC concert, 9, 12 )
cheese ( Backstage passes to a TAFKAL80ETC concert, 9, 12 )
cheese ( Conjured Mana Cake, 9, 9 )
cheese ( +5 Dexterity Vest, 9, 9 )
cheese ( Aged Brie, 9, 11 )
cheese ( Elixir of the Mongoose, 9, 9 )
cheese ( Sulfuras, Hand of Ragnaros, 10, 10 )
cheese ( Sulfuras, Hand of Ragnaros, 10, 10 )
cheese ( Backstage passes to a TAFKAL80ETC concert, 9, 12 )
cheese ( Backstage passes to a TAFKAL80ETC concert, 9, 12 )
cheese ( Backstage passes to a TAFKAL80ETC concert, 9, 12 )
cheese ( Conjured Mana Cake, 9, 9 )
cheese ( +5 Dexterity Vest, 9, 9 )
cheese ( Aged Brie, 9, 11 )
cheese ( Elixir of the Mongoose, 9, 9 )
cheese ( Sulfuras, Hand of Ragnaros, 10, 10 )
cheese ( Sulfuras, Hand of Ragnaros, 10, 10 )
cheese ( Backstage passes to a TAFKAL80ETC concert, 9, 12 )
cheese ( Backstage passes to a TAFKAL80ETC concert, 9, 12 )
cheese ( Backstage passes to a TAFKAL80ETC concert, 9, 12 )
cheese ( Conjured Mana Cake, 9, 9 )
cheese ( +5 Dexterity Vest, 9, 9 )
cheese ( Aged Brie, 9, 11 )
cheese ( Elixir of the Mongoose, 9, 9 )
cheese ( Sulfuras, Hand of Ragnaros, 10, 10 )
cheese ( Sulfuras, Hand of Ragnaros, 10, 10 )
cheese ( Backstage passes to a TAFKAL80ETC concert, 9, 12 )
cheese ( Backstage passes to a TAFKAL80ETC concert, 9, 12 )
cheese ( Backstage passes to a TAFKAL80ETC concert, 9, 12 )
cheese ( Conjured Mana Cake, 9, 9 )
cheese ( +5 Dexterity Vest, 9, 9 )
cheese ( Aged Brie, 9, 11 )
cheese ( Elixir of the Mongoose, 9, 9 )
cheese ( Sulfuras, Hand of Ragnaros, 10, 10 )
cheese ( Sulfuras, Hand of Ragnaros, 10, 10 )
cheese ( Backstage passes to a TAFKAL80ETC concert, 9, 12 )
cheese ( Backstage passes to a TAFKAL80ETC concert, 9, 12 )
cheese ( Backstage passes to a TAFKAL80ETC concert, 9, 12 )
cheese ( Conjured Mana Cake, 9, 9 )
cheese ( +5 Dexterity Vest, 9, 9 )
cheese ( Aged Brie, 9, 11 )
cheese ( Elixir of the Mongoose, 9, 9 )
cheese ( Sulfuras, Hand of Ragnaros, 10, 10 )
cheese ( Sulfuras, Hand of Ragnaros, 10, 10 )
cheese ( Backstage passes to a TAFKAL80ETC concert, 9, 12 )
cheese ( Backstage passes to a TAFKAL80ETC concert, 9, 12 )
cheese ( Backstage passes to a TAFKAL80ETC concert, 9, 12 )
cheese ( Conjured Mana Cake, 9, 9 )
